<?xml version="1.0" encoding="UTF-8"?>
<robot generator="Robot 6.1.1 (Python 3.11.4 on win32)" generated="20230829 20:49:01.675" rpa="false" schemaversion="4">
<suite id="s1" name="Procurar Cartas" source="C:\Users\Raul\Desktop\VSCode\Robot - Python\automação-testes\suites\liga_procurar_cartas\procurar_cartas.robot">
<test id="s1-t1" name="TC03 - Entro no site da Liga Magic, procuro por cartas a partir de uma lista" line="22">
<kw name="Given Entro no site" library="liga_magic_home">
<kw name="Open Browser" library="SeleniumLibrary">
<arg>${geral.URL}</arg>
<arg>${geral.Browser}</arg>
<doc>Opens a new browser instance to the optional ``url``.</doc>
<msg timestamp="20230829 20:49:01.871" level="INFO">Opening browser 'Chrome' to base url 'https://www.ligamagic.com.br/'.</msg>
<msg timestamp="20230829 20:49:02.402" level="WARN">The chromedriver version (115.0.5790.170) detected in PATH at C:\Users\Raul\AppData\Local\Programs\Python\Python311\Scripts\chromedriver.exe might not be compatible with the detected chrome version (116.0.5845.111); currently, chromedriver 116.0.5845.96 is recommended for chrome 116.*, so it is advised to delete the driver in PATH and retry</msg>
<status status="PASS" starttime="20230829 20:49:01.870" endtime="20230829 20:49:11.156"/>
</kw>
<kw name="Maximize Browser Window" library="SeleniumLibrary">
<doc>Maximizes current browser window.</doc>
<status status="PASS" starttime="20230829 20:49:11.156" endtime="20230829 20:49:11.289"/>
</kw>
<kw name="Wait Until Element Is Visible" library="SeleniumLibrary">
<arg>${home.botaoFecharAd}</arg>
<doc>Waits until the element ``locator`` is visible.</doc>
<status status="PASS" starttime="20230829 20:49:11.289" endtime="20230829 20:49:11.321"/>
</kw>
<kw name="Click Element" library="SeleniumLibrary">
<arg>${home.botaoFecharAd}</arg>
<doc>Click the element identified by ``locator``.</doc>
<msg timestamp="20230829 20:49:11.322" level="INFO">Clicking element '//img[@id="campanha-del-1"]'.</msg>
<status status="PASS" starttime="20230829 20:49:11.321" endtime="20230829 20:49:11.591"/>
</kw>
<status status="PASS" starttime="20230829 20:49:01.869" endtime="20230829 20:49:11.591"/>
</kw>
<for flavor="IN">
<var>${carta}</var>
<value>@{listaDeCartas}</value>
<iter>
<var name="${carta}">Lossarnach Captain</var>
<kw name="When Procuro pela carta ${carta}" library="resultado_busca" sourcename="Procuro pela carta ${carta}">
<kw name="Wait Until Element Is Visible" library="SeleniumLibrary">
<arg>${home.inputPesquisa}</arg>
<doc>Waits until the element ``locator`` is visible.</doc>
<status status="PASS" starttime="20230829 20:49:11.592" endtime="20230829 20:49:11.611"/>
</kw>
<kw name="Input Text" library="SeleniumLibrary">
<arg>${home.inputPesquisa}</arg>
<arg>${carta}</arg>
<doc>Types the given ``text`` into the text field identified by ``locator``.</doc>
<msg timestamp="20230829 20:49:11.612" level="INFO">Typing text 'Lossarnach Captain' into text field '//input[@id="mainsearch"]'.</msg>
<status status="PASS" starttime="20230829 20:49:11.611" endtime="20230829 20:49:11.714"/>
</kw>
<kw name="Wait Until Element Is Visible" library="SeleniumLibrary">
<arg>${home.primeiroResultadoBusca}</arg>
<doc>Waits until the element ``locator`` is visible.</doc>
<status status="PASS" starttime="20230829 20:49:11.714" endtime="20230829 20:49:12.977"/>
</kw>
<kw name="Click Element" library="SeleniumLibrary">
<arg>${home.primeiroResultadoBusca}</arg>
<doc>Click the element identified by ``locator``.</doc>
<msg timestamp="20230829 20:49:12.978" level="INFO">Clicking element '(//section[@class="item"])[1]'.</msg>
<status status="PASS" starttime="20230829 20:49:12.978" endtime="20230829 20:49:14.625"/>
</kw>
<status status="PASS" starttime="20230829 20:49:11.592" endtime="20230829 20:49:14.625"/>
</kw>
<kw name="And Adiciono a carta no carrinho" library="resultado_busca">
<kw name="Wait Until Element Is Visible" library="SeleniumLibrary">
<arg>${resultado_busca.addListaDeCompras}</arg>
<doc>Waits until the element ``locator`` is visible.</doc>
<status status="PASS" starttime="20230829 20:49:14.625" endtime="20230829 20:49:14.645"/>
</kw>
<kw name="Click Element" library="SeleniumLibrary">
<arg>${resultado_busca.addListaDeCompras}</arg>
<doc>Click the element identified by ``locator``.</doc>
<msg timestamp="20230829 20:49:14.645" level="INFO">Clicking element '(//button[@class="mp-botao-comprar"])[1]'.</msg>
<status status="PASS" starttime="20230829 20:49:14.645" endtime="20230829 20:49:14.691"/>
</kw>
<status status="PASS" starttime="20230829 20:49:14.625" endtime="20230829 20:49:14.691"/>
</kw>
<status status="PASS" starttime="20230829 20:49:11.592" endtime="20230829 20:49:14.691"/>
</iter>
<iter>
<var name="${carta}">Horn of Gondor</var>
<kw name="When Procuro pela carta ${carta}" library="resultado_busca" sourcename="Procuro pela carta ${carta}">
<kw name="Wait Until Element Is Visible" library="SeleniumLibrary">
<arg>${home.inputPesquisa}</arg>
<doc>Waits until the element ``locator`` is visible.</doc>
<status status="PASS" starttime="20230829 20:49:14.692" endtime="20230829 20:49:14.721"/>
</kw>
<kw name="Input Text" library="SeleniumLibrary">
<arg>${home.inputPesquisa}</arg>
<arg>${carta}</arg>
<doc>Types the given ``text`` into the text field identified by ``locator``.</doc>
<msg timestamp="20230829 20:49:14.722" level="INFO">Typing text 'Horn of Gondor' into text field '//input[@id="mainsearch"]'.</msg>
<status status="PASS" starttime="20230829 20:49:14.721" endtime="20230829 20:49:14.789"/>
</kw>
<kw name="Wait Until Element Is Visible" library="SeleniumLibrary">
<arg>${home.primeiroResultadoBusca}</arg>
<doc>Waits until the element ``locator`` is visible.</doc>
<status status="PASS" starttime="20230829 20:49:14.789" endtime="20230829 20:49:15.432"/>
</kw>
<kw name="Click Element" library="SeleniumLibrary">
<arg>${home.primeiroResultadoBusca}</arg>
<doc>Click the element identified by ``locator``.</doc>
<msg timestamp="20230829 20:49:15.433" level="INFO">Clicking element '(//section[@class="item"])[1]'.</msg>
<status status="PASS" starttime="20230829 20:49:15.432" endtime="20230829 20:49:16.989"/>
</kw>
<status status="PASS" starttime="20230829 20:49:14.691" endtime="20230829 20:49:16.989"/>
</kw>
<kw name="And Adiciono a carta no carrinho" library="resultado_busca">
<kw name="Wait Until Element Is Visible" library="SeleniumLibrary">
<arg>${resultado_busca.addListaDeCompras}</arg>
<doc>Waits until the element ``locator`` is visible.</doc>
<status status="PASS" starttime="20230829 20:49:16.990" endtime="20230829 20:49:17.006"/>
</kw>
<kw name="Click Element" library="SeleniumLibrary">
<arg>${resultado_busca.addListaDeCompras}</arg>
<doc>Click the element identified by ``locator``.</doc>
<msg timestamp="20230829 20:49:17.007" level="INFO">Clicking element '(//button[@class="mp-botao-comprar"])[1]'.</msg>
<status status="PASS" starttime="20230829 20:49:17.006" endtime="20230829 20:49:17.047"/>
</kw>
<status status="PASS" starttime="20230829 20:49:16.989" endtime="20230829 20:49:17.047"/>
</kw>
<status status="PASS" starttime="20230829 20:49:14.691" endtime="20230829 20:49:17.048"/>
</iter>
<iter>
<var name="${carta}">Clever Concealment</var>
<kw name="When Procuro pela carta ${carta}" library="resultado_busca" sourcename="Procuro pela carta ${carta}">
<kw name="Wait Until Element Is Visible" library="SeleniumLibrary">
<arg>${home.inputPesquisa}</arg>
<doc>Waits until the element ``locator`` is visible.</doc>
<status status="PASS" starttime="20230829 20:49:17.048" endtime="20230829 20:49:17.077"/>
</kw>
<kw name="Input Text" library="SeleniumLibrary">
<arg>${home.inputPesquisa}</arg>
<arg>${carta}</arg>
<doc>Types the given ``text`` into the text field identified by ``locator``.</doc>
<msg timestamp="20230829 20:49:17.078" level="INFO">Typing text 'Clever Concealment' into text field '//input[@id="mainsearch"]'.</msg>
<status status="PASS" starttime="20230829 20:49:17.077" endtime="20230829 20:49:17.154"/>
</kw>
<kw name="Wait Until Element Is Visible" library="SeleniumLibrary">
<arg>${home.primeiroResultadoBusca}</arg>
<doc>Waits until the element ``locator`` is visible.</doc>
<status status="PASS" starttime="20230829 20:49:17.154" endtime="20230829 20:49:18.223"/>
</kw>
<kw name="Click Element" library="SeleniumLibrary">
<arg>${home.primeiroResultadoBusca}</arg>
<doc>Click the element identified by ``locator``.</doc>
<msg timestamp="20230829 20:49:18.224" level="INFO">Clicking element '(//section[@class="item"])[1]'.</msg>
<status status="PASS" starttime="20230829 20:49:18.223" endtime="20230829 20:49:20.138"/>
</kw>
<status status="PASS" starttime="20230829 20:49:17.048" endtime="20230829 20:49:20.138"/>
</kw>
<kw name="And Adiciono a carta no carrinho" library="resultado_busca">
<kw name="Wait Until Element Is Visible" library="SeleniumLibrary">
<arg>${resultado_busca.addListaDeCompras}</arg>
<doc>Waits until the element ``locator`` is visible.</doc>
<status status="PASS" starttime="20230829 20:49:20.138" endtime="20230829 20:49:20.151"/>
</kw>
<kw name="Click Element" library="SeleniumLibrary">
<arg>${resultado_busca.addListaDeCompras}</arg>
<doc>Click the element identified by ``locator``.</doc>
<msg timestamp="20230829 20:49:20.152" level="INFO">Clicking element '(//button[@class="mp-botao-comprar"])[1]'.</msg>
<status status="PASS" starttime="20230829 20:49:20.152" endtime="20230829 20:49:20.189"/>
</kw>
<status status="PASS" starttime="20230829 20:49:20.138" endtime="20230829 20:49:20.189"/>
</kw>
<status status="PASS" starttime="20230829 20:49:17.048" endtime="20230829 20:49:20.189"/>
</iter>
<iter>
<var name="${carta}">Flawless Maneuver</var>
<kw name="When Procuro pela carta ${carta}" library="resultado_busca" sourcename="Procuro pela carta ${carta}">
<kw name="Wait Until Element Is Visible" library="SeleniumLibrary">
<arg>${home.inputPesquisa}</arg>
<doc>Waits until the element ``locator`` is visible.</doc>
<status status="PASS" starttime="20230829 20:49:20.190" endtime="20230829 20:49:20.219"/>
</kw>
<kw name="Input Text" library="SeleniumLibrary">
<arg>${home.inputPesquisa}</arg>
<arg>${carta}</arg>
<doc>Types the given ``text`` into the text field identified by ``locator``.</doc>
<msg timestamp="20230829 20:49:20.220" level="INFO">Typing text 'Flawless Maneuver' into text field '//input[@id="mainsearch"]'.</msg>
<status status="PASS" starttime="20230829 20:49:20.219" endtime="20230829 20:49:20.292"/>
</kw>
<kw name="Wait Until Element Is Visible" library="SeleniumLibrary">
<arg>${home.primeiroResultadoBusca}</arg>
<doc>Waits until the element ``locator`` is visible.</doc>
<status status="PASS" starttime="20230829 20:49:20.292" endtime="20230829 20:49:21.348"/>
</kw>
<kw name="Click Element" library="SeleniumLibrary">
<arg>${home.primeiroResultadoBusca}</arg>
<doc>Click the element identified by ``locator``.</doc>
<msg timestamp="20230829 20:49:21.349" level="INFO">Clicking element '(//section[@class="item"])[1]'.</msg>
<status status="PASS" starttime="20230829 20:49:21.349" endtime="20230829 20:49:22.751"/>
</kw>
<status status="PASS" starttime="20230829 20:49:20.190" endtime="20230829 20:49:22.751"/>
</kw>
<kw name="And Adiciono a carta no carrinho" library="resultado_busca">
<kw name="Wait Until Element Is Visible" library="SeleniumLibrary">
<arg>${resultado_busca.addListaDeCompras}</arg>
<doc>Waits until the element ``locator`` is visible.</doc>
<status status="PASS" starttime="20230829 20:49:22.752" endtime="20230829 20:49:22.768"/>
</kw>
<kw name="Click Element" library="SeleniumLibrary">
<arg>${resultado_busca.addListaDeCompras}</arg>
<doc>Click the element identified by ``locator``.</doc>
<msg timestamp="20230829 20:49:22.769" level="INFO">Clicking element '(//button[@class="mp-botao-comprar"])[1]'.</msg>
<status status="PASS" starttime="20230829 20:49:22.768" endtime="20230829 20:49:22.807"/>
</kw>
<status status="PASS" starttime="20230829 20:49:22.752" endtime="20230829 20:49:22.807"/>
</kw>
<status status="PASS" starttime="20230829 20:49:20.189" endtime="20230829 20:49:22.807"/>
</iter>
<iter>
<var name="${carta}">Abdel Adrian, Gorion's Ward</var>
<kw name="When Procuro pela carta ${carta}" library="resultado_busca" sourcename="Procuro pela carta ${carta}">
<kw name="Wait Until Element Is Visible" library="SeleniumLibrary">
<arg>${home.inputPesquisa}</arg>
<doc>Waits until the element ``locator`` is visible.</doc>
<status status="PASS" starttime="20230829 20:49:22.808" endtime="20230829 20:49:22.837"/>
</kw>
<kw name="Input Text" library="SeleniumLibrary">
<arg>${home.inputPesquisa}</arg>
<arg>${carta}</arg>
<doc>Types the given ``text`` into the text field identified by ``locator``.</doc>
<msg timestamp="20230829 20:49:22.838" level="INFO">Typing text 'Abdel Adrian, Gorion's Ward' into text field '//input[@id="mainsearch"]'.</msg>
<status status="PASS" starttime="20230829 20:49:22.837" endtime="20230829 20:49:22.923"/>
</kw>
<kw name="Wait Until Element Is Visible" library="SeleniumLibrary">
<arg>${home.primeiroResultadoBusca}</arg>
<doc>Waits until the element ``locator`` is visible.</doc>
<status status="PASS" starttime="20230829 20:49:22.923" endtime="20230829 20:49:23.989"/>
</kw>
<kw name="Click Element" library="SeleniumLibrary">
<arg>${home.primeiroResultadoBusca}</arg>
<doc>Click the element identified by ``locator``.</doc>
<msg timestamp="20230829 20:49:23.990" level="INFO">Clicking element '(//section[@class="item"])[1]'.</msg>
<status status="PASS" starttime="20230829 20:49:23.989" endtime="20230829 20:49:24.474"/>
</kw>
<status status="PASS" starttime="20230829 20:49:22.807" endtime="20230829 20:49:24.474"/>
</kw>
<kw name="And Adiciono a carta no carrinho" library="resultado_busca">
<kw name="Wait Until Element Is Visible" library="SeleniumLibrary">
<arg>${resultado_busca.addListaDeCompras}</arg>
<doc>Waits until the element ``locator`` is visible.</doc>
<status status="PASS" starttime="20230829 20:49:24.474" endtime="20230829 20:49:25.515"/>
</kw>
<kw name="Click Element" library="SeleniumLibrary">
<arg>${resultado_busca.addListaDeCompras}</arg>
<doc>Click the element identified by ``locator``.</doc>
<msg timestamp="20230829 20:49:25.515" level="INFO">Clicking element '(//button[@class="mp-botao-comprar"])[1]'.</msg>
<status status="PASS" starttime="20230829 20:49:25.515" endtime="20230829 20:49:25.559"/>
</kw>
<status status="PASS" starttime="20230829 20:49:24.474" endtime="20230829 20:49:25.559"/>
</kw>
<status status="PASS" starttime="20230829 20:49:22.807" endtime="20230829 20:49:25.559"/>
</iter>
<iter>
<var name="${carta}">Open the Way</var>
<kw name="When Procuro pela carta ${carta}" library="resultado_busca" sourcename="Procuro pela carta ${carta}">
<kw name="Wait Until Element Is Visible" library="SeleniumLibrary">
<arg>${home.inputPesquisa}</arg>
<doc>Waits until the element ``locator`` is visible.</doc>
<status status="PASS" starttime="20230829 20:49:25.560" endtime="20230829 20:49:25.592"/>
</kw>
<kw name="Input Text" library="SeleniumLibrary">
<arg>${home.inputPesquisa}</arg>
<arg>${carta}</arg>
<doc>Types the given ``text`` into the text field identified by ``locator``.</doc>
<msg timestamp="20230829 20:49:25.592" level="INFO">Typing text 'Open the Way' into text field '//input[@id="mainsearch"]'.</msg>
<status status="PASS" starttime="20230829 20:49:25.592" endtime="20230829 20:49:25.671"/>
</kw>
<kw name="Wait Until Element Is Visible" library="SeleniumLibrary">
<arg>${home.primeiroResultadoBusca}</arg>
<doc>Waits until the element ``locator`` is visible.</doc>
<status status="PASS" starttime="20230829 20:49:25.671" endtime="20230829 20:49:26.322"/>
</kw>
<kw name="Click Element" library="SeleniumLibrary">
<arg>${home.primeiroResultadoBusca}</arg>
<doc>Click the element identified by ``locator``.</doc>
<msg timestamp="20230829 20:49:26.323" level="INFO">Clicking element '(//section[@class="item"])[1]'.</msg>
<status status="PASS" starttime="20230829 20:49:26.322" endtime="20230829 20:49:27.721"/>
</kw>
<status status="PASS" starttime="20230829 20:49:25.560" endtime="20230829 20:49:27.721"/>
</kw>
<kw name="And Adiciono a carta no carrinho" library="resultado_busca">
<kw name="Wait Until Element Is Visible" library="SeleniumLibrary">
<arg>${resultado_busca.addListaDeCompras}</arg>
<doc>Waits until the element ``locator`` is visible.</doc>
<status status="PASS" starttime="20230829 20:49:27.721" endtime="20230829 20:49:27.737"/>
</kw>
<kw name="Click Element" library="SeleniumLibrary">
<arg>${resultado_busca.addListaDeCompras}</arg>
<doc>Click the element identified by ``locator``.</doc>
<msg timestamp="20230829 20:49:27.738" level="INFO">Clicking element '(//button[@class="mp-botao-comprar"])[1]'.</msg>
<status status="PASS" starttime="20230829 20:49:27.737" endtime="20230829 20:49:27.779"/>
</kw>
<status status="PASS" starttime="20230829 20:49:27.721" endtime="20230829 20:49:27.779"/>
</kw>
<status status="PASS" starttime="20230829 20:49:25.559" endtime="20230829 20:49:27.779"/>
</iter>
<status status="PASS" starttime="20230829 20:49:11.591" endtime="20230829 20:49:27.779"/>
</for>
<kw name="Then Vejo minha lista dentro do carrinho" library="resultado_busca">
<kw name="Click Element" library="SeleniumLibrary">
<arg>${resultado_busca.verCarrinho}</arg>
<doc>Click the element identified by ``locator``.</doc>
<msg timestamp="20230829 20:49:27.781" level="INFO">Clicking element '//button[@id='dropdownMenuCart']'.</msg>
<status status="PASS" starttime="20230829 20:49:27.780" endtime="20230829 20:49:27.842"/>
</kw>
<kw name="Wait Until Element Is Visible" library="SeleniumLibrary">
<arg>${resultado_busca.verMinhaLista}</arg>
<doc>Waits until the element ``locator`` is visible.</doc>
<status status="PASS" starttime="20230829 20:49:27.842" endtime="20230829 20:49:28.076"/>
</kw>
<kw name="Click Element" library="SeleniumLibrary">
<arg>${resultado_busca.verMinhaLista}</arg>
<doc>Click the element identified by ``locator``.</doc>
<msg timestamp="20230829 20:49:28.077" level="INFO">Clicking element '//a[@id='btn-view-cart-lc']'.</msg>
<status status="PASS" starttime="20230829 20:49:28.076" endtime="20230829 20:49:30.475"/>
</kw>
<status status="PASS" starttime="20230829 20:49:27.780" endtime="20230829 20:49:30.475"/>
</kw>
<kw name="Sleep" library="BuiltIn">
<arg>30s</arg>
<doc>Pauses the test executed for the given time.</doc>
<msg timestamp="20230829 20:50:00.478" level="INFO">Slept 30 seconds</msg>
<status status="PASS" starttime="20230829 20:49:30.475" endtime="20230829 20:50:00.478"/>
</kw>
<status status="PASS" starttime="20230829 20:49:01.869" endtime="20230829 20:50:00.478"/>
</test>
<status status="PASS" starttime="20230829 20:49:01.677" endtime="20230829 20:50:00.480"/>
</suite>
<statistics>
<total>
<stat pass="1" fail="0" skip="0">All Tests</stat>
</total>
<tag>
</tag>
<suite>
<stat pass="1" fail="0" skip="0" id="s1" name="Procurar Cartas">Procurar Cartas</stat>
</suite>
</statistics>
<errors>
<msg timestamp="20230829 20:49:02.402" level="WARN">The chromedriver version (115.0.5790.170) detected in PATH at C:\Users\Raul\AppData\Local\Programs\Python\Python311\Scripts\chromedriver.exe might not be compatible with the detected chrome version (116.0.5845.111); currently, chromedriver 116.0.5845.96 is recommended for chrome 116.*, so it is advised to delete the driver in PATH and retry</msg>
</errors>
</robot>
