<?xml version="1.0" encoding="UTF-8"?>
<robot generator="Robot 6.1.1 (Python 3.11.4 on win32)" generated="20230828 11:16:23.679" rpa="false" schemaversion="4">
<suite id="s1" name="Procurar Cartas" source="C:\Users\Raul\Desktop\VSCode\Robot - Python\automação-testes\suites\liga_procurar_cartas\procurar_cartas.robot">
<test id="s1-t1" name="TC02 - Entro no site da Liga Magic, procuro por uma carta e adiciono-a no carrinho" line="15">
<kw name="Given Entro no site" library="liga_magic_home">
<kw name="Open Browser" library="SeleniumLibrary">
<arg>${geral.URL}</arg>
<arg>${geral.Browser}</arg>
<doc>Opens a new browser instance to the optional ``url``.</doc>
<msg timestamp="20230828 11:16:23.841" level="INFO">Opening browser 'Chrome' to base url 'https://www.ligamagic.com.br/'.</msg>
<msg timestamp="20230828 11:16:24.368" level="WARN">The chromedriver version (115.0.5790.170) detected in PATH at C:\Users\Raul\AppData\Local\Programs\Python\Python311\Scripts\chromedriver.exe might not be compatible with the detected chrome version (116.0.5845.111); currently, chromedriver 116.0.5845.96 is recommended for chrome 116.*, so it is advised to delete the driver in PATH and retry</msg>
<status status="PASS" starttime="20230828 11:16:23.840" endtime="20230828 11:16:28.116"/>
</kw>
<kw name="Maximize Browser Window" library="SeleniumLibrary">
<doc>Maximizes current browser window.</doc>
<status status="PASS" starttime="20230828 11:16:28.116" endtime="20230828 11:16:28.248"/>
</kw>
<kw name="Wait Until Element Is Visible" library="SeleniumLibrary">
<arg>${home.botaoFecharAd}</arg>
<doc>Waits until the element ``locator`` is visible.</doc>
<status status="PASS" starttime="20230828 11:16:28.248" endtime="20230828 11:16:28.282"/>
</kw>
<kw name="Click Element" library="SeleniumLibrary">
<arg>${home.botaoFecharAd}</arg>
<doc>Click the element identified by ``locator``.</doc>
<msg timestamp="20230828 11:16:28.283" level="INFO">Clicking element '//img[@id="campanha-del-1"]'.</msg>
<status status="PASS" starttime="20230828 11:16:28.282" endtime="20230828 11:16:28.491"/>
</kw>
<status status="PASS" starttime="20230828 11:16:23.840" endtime="20230828 11:16:28.491"/>
</kw>
<kw name="When Procuro pela carta Chain of Smog" library="resultado_busca" sourcename="Procuro pela carta ${carta}">
<kw name="Wait Until Element Is Visible" library="SeleniumLibrary">
<arg>${home.inputPesquisa}</arg>
<doc>Waits until the element ``locator`` is visible.</doc>
<status status="PASS" starttime="20230828 11:16:28.492" endtime="20230828 11:16:28.549"/>
</kw>
<kw name="Input Text" library="SeleniumLibrary">
<arg>${home.inputPesquisa}</arg>
<arg>${carta}</arg>
<doc>Types the given ``text`` into the text field identified by ``locator``.</doc>
<msg timestamp="20230828 11:16:28.549" level="INFO">Typing text 'Chain of Smog' into text field '//input[@id="mainsearch"]'.</msg>
<status status="PASS" starttime="20230828 11:16:28.549" endtime="20230828 11:16:28.639"/>
</kw>
<kw name="Press Keys" library="SeleniumLibrary">
<arg>${home.inputPesquisa}</arg>
<arg>ENTER</arg>
<doc>Simulates the user pressing key(s) to an element or on the active browser.</doc>
<msg timestamp="20230828 11:16:28.640" level="INFO">Sending key(s) ('ENTER',) to //input[@id="mainsearch"] element.</msg>
<msg timestamp="20230828 11:16:28.918" level="INFO">Pressing special key ENTER to element.</msg>
<msg timestamp="20230828 11:16:28.918" level="INFO">Releasing special key ENTER.</msg>
<status status="PASS" starttime="20230828 11:16:28.639" endtime="20230828 11:16:30.606"/>
</kw>
<status status="PASS" starttime="20230828 11:16:28.492" endtime="20230828 11:16:30.607"/>
</kw>
<kw name="And Adiciono a carta no carrinho" library="resultado_busca">
<kw name="Wait Until Element Is Visible" library="SeleniumLibrary">
<arg>${resultado_busca.addListaDeCompras}</arg>
<doc>Waits until the element ``locator`` is visible.</doc>
<status status="PASS" starttime="20230828 11:16:30.607" endtime="20230828 11:16:30.647"/>
</kw>
<kw name="Click Element" library="SeleniumLibrary">
<arg>${resultado_busca.addListaDeCompras}</arg>
<doc>Click the element identified by ``locator``.</doc>
<msg timestamp="20230828 11:16:30.647" level="INFO">Clicking element '(//button[@class="mp-botao-comprar"])[1]'.</msg>
<status status="PASS" starttime="20230828 11:16:30.647" endtime="20230828 11:16:30.738"/>
</kw>
<status status="PASS" starttime="20230828 11:16:30.607" endtime="20230828 11:16:30.738"/>
</kw>
<kw name="Sleep" library="BuiltIn">
<arg>2</arg>
<doc>Pauses the test executed for the given time.</doc>
<msg timestamp="20230828 11:16:32.739" level="INFO">Slept 2 seconds</msg>
<status status="PASS" starttime="20230828 11:16:30.739" endtime="20230828 11:16:32.739"/>
</kw>
<kw name="Then Vejo minha lista dentro do carrinho" library="resultado_busca">
<kw name="Click Element" library="SeleniumLibrary">
<arg>${resultado_busca.verCarrinho}</arg>
<doc>Click the element identified by ``locator``.</doc>
<msg timestamp="20230828 11:16:32.741" level="INFO">Clicking element '//button[@id='dropdownMenuCart']'.</msg>
<status status="PASS" starttime="20230828 11:16:32.740" endtime="20230828 11:16:32.789"/>
</kw>
<kw name="Wait Until Element Is Visible" library="SeleniumLibrary">
<arg>${resultado_busca.verMinhaLista}</arg>
<doc>Waits until the element ``locator`` is visible.</doc>
<status status="PASS" starttime="20230828 11:16:32.789" endtime="20230828 11:16:33.020"/>
</kw>
<kw name="Click Element" library="SeleniumLibrary">
<arg>${resultado_busca.verMinhaLista}</arg>
<doc>Click the element identified by ``locator``.</doc>
<msg timestamp="20230828 11:16:33.021" level="INFO">Clicking element '//a[@id='btn-view-cart-lc']'.</msg>
<status status="PASS" starttime="20230828 11:16:33.021" endtime="20230828 11:16:34.851"/>
</kw>
<status status="PASS" starttime="20230828 11:16:32.740" endtime="20230828 11:16:34.851"/>
</kw>
<status status="PASS" starttime="20230828 11:16:23.840" endtime="20230828 11:16:34.851"/>
</test>
<status status="PASS" starttime="20230828 11:16:23.680" endtime="20230828 11:16:34.852"/>
</suite>
<statistics>
<total>
<stat pass="1" fail="0" skip="0">All Tests</stat>
</total>
<tag>
</tag>
<suite>
<stat pass="1" fail="0" skip="0" id="s1" name="Procurar Cartas">Procurar Cartas</stat>
</suite>
</statistics>
<errors>
<msg timestamp="20230828 11:16:24.368" level="WARN">The chromedriver version (115.0.5790.170) detected in PATH at C:\Users\Raul\AppData\Local\Programs\Python\Python311\Scripts\chromedriver.exe might not be compatible with the detected chrome version (116.0.5845.111); currently, chromedriver 116.0.5845.96 is recommended for chrome 116.*, so it is advised to delete the driver in PATH and retry</msg>
</errors>
</robot>
