<?xml version="1.0" encoding="UTF-8"?>
<robot generator="Robot 6.1.1 (Python 3.11.4 on win32)" generated="20230901 10:57:50.265" rpa="false" schemaversion="4">
<suite id="s1" name="Procurar Cartas" source="C:\Users\Raul\Desktop\VSCode\Robot - Python\automação-testes\suites\liga_procurar_cartas\procurar_cartas.robot">
<test id="s1-t1" name="TC02 - Entro no site da Liga Magic, procuro por uma carta e adiciono-a no carrinho" line="18">
<kw name="Abrir https://www.ligamagic.com.br/ no Chrome" library="geral" type="SETUP" sourcename="Abrir ${URL} no ${navegador}">
<kw name="Open Browser" library="SeleniumLibrary">
<arg>${URL}</arg>
<arg>${navegador}</arg>
<doc>Opens a new browser instance to the optional ``url``.</doc>
<msg timestamp="20230901 10:57:50.426" level="INFO">Opening browser 'Chrome' to base url 'https://www.ligamagic.com.br/'.</msg>
<msg timestamp="20230901 10:57:50.969" level="WARN">The chromedriver version (115.0.5790.170) detected in PATH at C:\Users\Raul\AppData\Local\Programs\Python\Python311\Scripts\chromedriver.exe might not be compatible with the detected chrome version (116.0.5845.141); currently, chromedriver 116.0.5845.96 is recommended for chrome 116.*, so it is advised to delete the driver in PATH and retry</msg>
<status status="PASS" starttime="20230901 10:57:50.426" endtime="20230901 10:57:56.091"/>
</kw>
<kw name="Maximize Browser Window" library="SeleniumLibrary">
<doc>Maximizes current browser window.</doc>
<status status="PASS" starttime="20230901 10:57:56.091" endtime="20230901 10:57:56.215"/>
</kw>
<status status="PASS" starttime="20230901 10:57:50.425" endtime="20230901 10:57:56.215"/>
</kw>
<kw name="Given Entro no site" library="liga_magic_home">
<kw name="Wait Until Element Is Visible" library="SeleniumLibrary">
<arg>${home.botaoFecharAd}</arg>
<doc>Waits until the element ``locator`` is visible.</doc>
<status status="PASS" starttime="20230901 10:57:56.216" endtime="20230901 10:57:56.253"/>
</kw>
<kw name="Click Element" library="SeleniumLibrary">
<arg>${home.botaoFecharAd}</arg>
<doc>Click the element identified by ``locator``.</doc>
<msg timestamp="20230901 10:57:56.254" level="INFO">Clicking element '//img[@id="campanha-del-1"]'.</msg>
<status status="PASS" starttime="20230901 10:57:56.253" endtime="20230901 10:57:56.476"/>
</kw>
<status status="PASS" starttime="20230901 10:57:56.215" endtime="20230901 10:57:56.476"/>
</kw>
<kw name="When Procuro pela carta Korvold, Fae-Cursed King" library="resultado_busca" sourcename="Procuro pela carta ${carta}">
<kw name="Wait Until Element Is Visible" library="SeleniumLibrary">
<arg>${home.inputPesquisa}</arg>
<doc>Waits until the element ``locator`` is visible.</doc>
<status status="PASS" starttime="20230901 10:57:56.477" endtime="20230901 10:57:56.528"/>
</kw>
<kw name="Input Text" library="SeleniumLibrary">
<arg>${home.inputPesquisa}</arg>
<arg>${carta}</arg>
<doc>Types the given ``text`` into the text field identified by ``locator``.</doc>
<msg timestamp="20230901 10:57:56.529" level="INFO">Typing text 'Korvold, Fae-Cursed King' into text field '//input[@id="mainsearch"]'.</msg>
<status status="PASS" starttime="20230901 10:57:56.528" endtime="20230901 10:57:56.629"/>
</kw>
<kw name="Wait Until Element Is Visible" library="SeleniumLibrary">
<arg>${home.primeiroResultadoBusca}</arg>
<doc>Waits until the element ``locator`` is visible.</doc>
<status status="PASS" starttime="20230901 10:57:56.629" endtime="20230901 10:57:57.897"/>
</kw>
<kw name="Click Element" library="SeleniumLibrary">
<arg>${home.primeiroResultadoBusca}</arg>
<doc>Click the element identified by ``locator``.</doc>
<msg timestamp="20230901 10:57:57.898" level="INFO">Clicking element '(//section[@class="item"])[1]'.</msg>
<status status="PASS" starttime="20230901 10:57:57.897" endtime="20230901 10:57:59.491"/>
</kw>
<status status="PASS" starttime="20230901 10:57:56.477" endtime="20230901 10:57:59.491"/>
</kw>
<kw name="And Adiciono a carta no carrinho" library="resultado_busca">
<kw name="Wait Until Element Is Visible" library="SeleniumLibrary">
<arg>${resultado_busca.addListaDeCompras}</arg>
<doc>Waits until the element ``locator`` is visible.</doc>
<status status="PASS" starttime="20230901 10:57:59.492" endtime="20230901 10:57:59.546"/>
</kw>
<kw name="Click Element" library="SeleniumLibrary">
<arg>${resultado_busca.addListaDeCompras}</arg>
<doc>Click the element identified by ``locator``.</doc>
<msg timestamp="20230901 10:57:59.547" level="INFO">Clicking element '(//button[@class="mp-botao-comprar"])[1]'.</msg>
<status status="PASS" starttime="20230901 10:57:59.546" endtime="20230901 10:57:59.636"/>
</kw>
<status status="PASS" starttime="20230901 10:57:59.492" endtime="20230901 10:57:59.636"/>
</kw>
<kw name="Sleep" library="BuiltIn">
<arg>3</arg>
<doc>Pauses the test executed for the given time.</doc>
<msg timestamp="20230901 10:58:02.637" level="INFO">Slept 3 seconds</msg>
<status status="PASS" starttime="20230901 10:57:59.636" endtime="20230901 10:58:02.637"/>
</kw>
<kw name="Then Vejo minha lista dentro do carrinho" library="resultado_busca">
<kw name="Click Element" library="SeleniumLibrary">
<arg>${resultado_busca.verCarrinho}</arg>
<doc>Click the element identified by ``locator``.</doc>
<msg timestamp="20230901 10:58:02.638" level="INFO">Clicking element '//button[@id='dropdownMenuCart']'.</msg>
<status status="PASS" starttime="20230901 10:58:02.638" endtime="20230901 10:58:02.687"/>
</kw>
<kw name="Wait Until Element Is Visible" library="SeleniumLibrary">
<arg>${resultado_busca.verMinhaLista}</arg>
<doc>Waits until the element ``locator`` is visible.</doc>
<status status="PASS" starttime="20230901 10:58:02.687" endtime="20230901 10:58:02.915"/>
</kw>
<kw name="Click Element" library="SeleniumLibrary">
<arg>${resultado_busca.verMinhaLista}</arg>
<doc>Click the element identified by ``locator``.</doc>
<msg timestamp="20230901 10:58:02.916" level="INFO">Clicking element '//a[@id='btn-view-cart-lc']'.</msg>
<status status="PASS" starttime="20230901 10:58:02.915" endtime="20230901 10:58:05.172"/>
</kw>
<status status="PASS" starttime="20230901 10:58:02.637" endtime="20230901 10:58:05.172"/>
</kw>
<kw name="Fechar brower atual" library="geral" type="TEARDOWN">
<kw name="Close Browser" library="SeleniumLibrary">
<doc>Closes the current browser.</doc>
<status status="PASS" starttime="20230901 10:58:05.173" endtime="20230901 10:58:07.338"/>
</kw>
<status status="PASS" starttime="20230901 10:58:05.172" endtime="20230901 10:58:07.338"/>
</kw>
<status status="PASS" starttime="20230901 10:57:50.424" endtime="20230901 10:58:07.339"/>
</test>
<status status="PASS" starttime="20230901 10:57:50.266" endtime="20230901 10:58:07.340"/>
</suite>
<statistics>
<total>
<stat pass="1" fail="0" skip="0">All Tests</stat>
</total>
<tag>
</tag>
<suite>
<stat pass="1" fail="0" skip="0" id="s1" name="Procurar Cartas">Procurar Cartas</stat>
</suite>
</statistics>
<errors>
<msg timestamp="20230901 10:57:50.969" level="WARN">The chromedriver version (115.0.5790.170) detected in PATH at C:\Users\Raul\AppData\Local\Programs\Python\Python311\Scripts\chromedriver.exe might not be compatible with the detected chrome version (116.0.5845.141); currently, chromedriver 116.0.5845.96 is recommended for chrome 116.*, so it is advised to delete the driver in PATH and retry</msg>
</errors>
</robot>
